Base path: /Applications/Unity/Unity.app/Contents
Cmd: initializeCompiler
Cmd: compileComputeKernel
  api=15 insize=144 outsize=7169 ok=1
Cmd: compileComputeKernel
  api=14 insize=178 outsize=12677 ok=1
Cmd: compileComputeKernel
  api=15 insize=178 outsize=25653 ok=1
Cmd: compileComputeKernel
  api=15 insize=144 outsize=16129 ok=1
Cmd: compileComputeKernel
  api=14 insize=617 outsize=3669 ok=1
Cmd: compileComputeKernel
  api=14 insize=617 outsize=5769 ok=1
Cmd: compileComputeKernel
  api=14 insize=617 outsize=4841 ok=1
Cmd: compileComputeKernel
  api=14 insize=617 outsize=4093 ok=1
Cmd: compileComputeKernel
  api=15 insize=617 outsize=677 ok=1
Cmd: compileComputeKernel
  api=15 insize=617 outsize=4153 ok=1
Cmd: compileComputeKernel
  api=15 insize=617 outsize=9245 ok=1
Cmd: compileComputeKernel
  api=15 insize=617 outsize=8197 ok=1
Cmd: compileComputeKernel
  api=15 insize=617 outsize=7109 ok=1
Cmd: compileComputeKernel
  api=15 insize=617 outsize=5281 ok=1
Cmd: compileComputeKernel
  api=14 insize=237 outsize=4733 ok=1
Cmd: translateComputeKernel
  api=14 insize=3809 outsize=4681 ok=1
Cmd: translateComputeKernel
  api=14 insize=4869 outsize=6917 ok=1
