Base path: /Applications/Unity/Unity.app/Contents
Cmd: initializeCompiler
Cmd: compileComputeKernel
  api=15 insize=67 outsize=13321 ok=1
Cmd: compileComputeKernel
  api=15 insize=178 outsize=23309 ok=1
Cmd: compileComputeKernel
  api=15 insize=178 outsize=25493 ok=1
Cmd: compileComputeKernel
  api=15 insize=67 outsize=10157 ok=1
Cmd: compileComputeKernel
  api=14 insize=617 outsize=5565 ok=1
Cmd: compileComputeKernel
  api=14 insize=617 outsize=5581 ok=1
Cmd: compileComputeKernel
  api=14 insize=617 outsize=4657 ok=1
Cmd: compileComputeKernel
  api=15 insize=617 outsize=4497 ok=1
Cmd: compileComputeKernel
  api=15 insize=617 outsize=10125 ok=1
Cmd: translateComputeKernel
  api=14 insize=5925 outsize=10337 ok=1
Cmd: translateComputeKernel
  api=14 insize=5889 outsize=10401 ok=1
Cmd: translateComputeKernel
  api=14 insize=5897 outsize=8973 ok=1
Cmd: translateComputeKernel
  api=14 insize=5093 outsize=7909 ok=1
Cmd: translateComputeKernel
  api=14 insize=5157 outsize=7813 ok=1
Cmd: translateComputeKernel
  api=14 insize=4973 outsize=7961 ok=1
Cmd: compileComputeKernel
  api=15 insize=617 outsize=7145 ok=1
Cmd: compileComputeKernel
  api=15 insize=617 outsize=7981 ok=1
Cmd: compileComputeKernel
  api=15 insize=237 outsize=4701 ok=1
Cmd: compileComputeKernel
  api=15 insize=237 outsize=7045 ok=1

Quitting shader compiler process
